Arguments: 
  /usr/local/bin/node /usr/local/lib/node_modules/@sanity/cli/vendor/yarn install --json --non-interactive --ignore-engines --registry https://registry.npmjs.org

PATH: 
  /Users/froggy/projects/sanity-gatsby-blog-20210511/studio/node_modules/.bin:/Users/froggy/projects/sanity-gatsby-blog-20210511/node_modules/.bin:/Users/froggy/projects/node_modules/.bin:/Users/froggy/node_modules/.bin:/Users/node_modules/.bin:/node_modules/.bin:/usr/local/bin:/usr/local/lib/node_modules/vendor:/Users/froggy/.pyenv/plugins/pyenv-virtualenv/shims:/Users/froggy/.pyenv/shims:/Users/froggy/.pyenv/shims:/usr/local/bin:/usr/bin:/bin:/usr/sbin:/sbin:/Library/Apple/usr/bin:/Applications/Postgres.app/Contents/Versions/latest/bin:/Users/froggy/.pyenv/plugins/pyenv-virtualenv/shims:/Users/froggy/.pyenv/shims:/Users/froggy/Library/Python/2.7/bin:/usr/local/bin/python:/Library/Framework/Python.framework/Version/2.7/lib/site-packages:/Users/froggy/Library/Python/3.7/bin:/Users/froggy/flutter/bin:/Users/froggy/Library/Python/2.7/bin:/usr/local/bin:/usr/local/bin/python:/Library/Framework/Python.framework/Version/2.7/lib/site-packages:/Users/froggy/Library/Python/3.7/bin:/Applications/Postgres.app/Contents/Versions/latest/bin:/usr/bin:/bin:/Users/froggy/flutter/bin

Yarn version: 
  1.6.0

Node version: 
  14.15.4

Platform: 
  darwin x64

Trace: 
  Error: https://registry.npmjs.org/date-fns/-/date-fns-2.21.3.tgz: ESOCKETTIMEDOUT
      at ClientRequest.<anonymous> (/usr/local/lib/node_modules/@sanity/cli/vendor/yarn:133816:19)
      at Object.onceWrapper (events.js:421:28)
      at ClientRequest.emit (events.js:315:20)
      at TLSSocket.emitRequestTimeout (_http_client.js:784:9)
      at Object.onceWrapper (events.js:421:28)
      at TLSSocket.emit (events.js:327:22)
      at TLSSocket.Socket._onTimeout (net.js:483:8)
      at listOnTimeout (internal/timers.js:554:17)
      at processTimers (internal/timers.js:497:7)

npm manifest: 
  {
    "private": true,
    "name": "blog-with-gatsby-studio",
    "version": "1.0.15",
    "main": "package.json",
    "author": "Sanity <hello@sanity.io>",
    "scripts": {
      "dev": "sanity start",
      "format": "prettier-eslint --write \"**/*.js\" \"!node_modules/**\"",
      "build": "sanity build",
      "graphql-deploy": "sanity graphql deploy --playground",
      "lint": "eslint .",
      "test": "sanity check"
    },
    "dependencies": {
      "@sanity/base": "^2.10.2",
      "@sanity/cli": "^2.10.0",
      "@sanity/components": "^2.2.6",
      "@sanity/core": "^2.10.2",
      "@sanity/dashboard": "^2.7.0",
      "@sanity/default-layout": "^2.10.2",
      "@sanity/default-login": "^2.8.0",
      "@sanity/desk-tool": "^2.10.2",
      "@sanity/studio-hints": "^2.7.0",
      "date-fns": "^2.19.0",
      "prop-types": "^15.7.2",
      "react": "^17.0.2",
      "react-dom": "^17.0.2",
      "react-icons": "^3.11.0",
      "sanity-plugin-dashboard-widget-document-list": "^0.0.13",
      "sanity-plugin-dashboard-widget-netlify": "^1.0.1"
    }
  }

yarn manifest: 
  No manifest

Lockfile: 
  No lockfile
